0 info it worked if it ends with ok
1 verbose cli [ '/home/maria/.nvm/versions/node/v6.11.5/bin/node',
1 verbose cli   '/home/maria/.nvm/versions/node/v6.11.5/bin/npm',
1 verbose cli   'start' ]
2 info using npm@3.10.10
3 info using node@v6.11.5
4 verbose stack Error: Invalid name: "Mon Voyages"
4 verbose stack     at ensureValidName (/home/maria/.nvm/versions/node/v6.11.5/lib/node_modules/npm/node_modules/normalize-package-data/lib/fixer.js:336:15)
4 verbose stack     at Object.fixNameField (/home/maria/.nvm/versions/node/v6.11.5/lib/node_modules/npm/node_modules/normalize-package-data/lib/fixer.js:215:5)
4 verbose stack     at /home/maria/.nvm/versions/node/v6.11.5/lib/node_modules/npm/node_modules/normalize-package-data/lib/normalize.js:32:38
4 verbose stack     at Array.forEach (native)
4 verbose stack     at normalize (/home/maria/.nvm/versions/node/v6.11.5/lib/node_modules/npm/node_modules/normalize-package-data/lib/normalize.js:31:15)
4 verbose stack     at final (/home/maria/.nvm/versions/node/v6.11.5/lib/node_modules/npm/node_modules/read-package-json/read-json.js:349:5)
4 verbose stack     at then (/home/maria/.nvm/versions/node/v6.11.5/lib/node_modules/npm/node_modules/read-package-json/read-json.js:124:5)
4 verbose stack     at /home/maria/.nvm/versions/node/v6.11.5/lib/node_modules/npm/node_modules/read-package-json/read-json.js:243:12
4 verbose stack     at /home/maria/.nvm/versions/node/v6.11.5/lib/node_modules/npm/node_modules/graceful-fs/graceful-fs.js:78:16
4 verbose stack     at tryToString (fs.js:457:3)
5 verbose cwd /mnt/d/Anul 3/monvoyage/firstPart - Copy
6 error Linux 5.10.102.1-microsoft-standard-WSL2
7 error argv "/home/maria/.nvm/versions/node/v6.11.5/bin/node" "/home/maria/.nvm/versions/node/v6.11.5/bin/npm" "start"
8 error node v6.11.5
9 error npm  v3.10.10
10 error Invalid name: "Mon Voyages"
11 error If you need help, you may report this error at:
11 error     <https://github.com/npm/npm/issues>
12 verbose exit [ 1, true ]
